2026-01-13 16:50:23,822:WARNING:nextcord.client: PyNaCl is not installed, voice will NOT be supported
2026-01-13 16:50:23,823:INFO:nextcord.client: logging in using static token
2026-01-13 16:50:23,878:INFO:nextcord.http: Allowed 1 rate limits to be garbage collected.
2026-01-13 16:50:24,325:INFO:nextcord.gateway: Shard ID None has sent the IDENTIFY payload.
2026-01-13 16:50:24,456:INFO:nextcord.gateway: Shard ID None has connected to Gateway: ["gateway-prd-arm-us-east1-b-z4k2",{"micros":86382,"calls":["id_created",{"micros":585,"calls":[]},"session_lookup_time",{"micros":318,"calls":[]},"session_lookup_finished",{"micros":12,"calls":[]},"discord-sessions-prd-2-160",{"micros":85053,"calls":["start_session",{"micros":82007,"calls":["discord-api-rpc-75c7946dc4-4tbgq",{"micros":50478,"calls":["get_user",{"micros":6440},"get_guilds",{"micros":8067},"send_scheduled_deletion_message",{"micros":15},"guild_join_requests",{"micros":3},"authorized_ip_coro",{"micros":8},"pending_payments",{"micros":453},"apex_experiments",{"micros":25075},"user_activities",{"micros":4},"played_application_ids",{"micros":2},"linked_users",{"micros":2},"ad_personalization_toggles_disabled",{"micros":1},"regional_feature_config",{"micros":2}]}]},"starting_guild_connect",{"micros":46,"calls":[]},"presence_started",{"micros":395,"calls":[]},"guilds_started",{"micros":136,"calls":[]},"lobbies_started",{"micros":1,"calls":[]},"guilds_connect",{"micros":2,"calls":[]},"presence_connect",{"micros":2443,"calls":[]},"connect_finished",{"micros":2456,"calls":[]},"build_ready",{"micros":10,"calls":[]},"clean_ready",{"micros":0,"calls":[]},"optimize_ready",{"micros":1,"calls":[]},"split_ready",{"micros":0,"calls":[]}]}]}] (Session ID: 8bf358f05d67bdead16faa679a3c7afd). Resume URL specified as wss://gateway-us-east1-b.discord.gg
2026-01-13 16:55:23,889:INFO:nextcord.http: Allowed 1 rate limits to be garbage collected.
2026-01-13 17:05:23,908:INFO:nextcord.http: Allowed 10 rate limits to be garbage collected.
2026-01-13 17:06:16,788:INFO:nextcord.client: Got a request to RESUME the websocket.
2026-01-13 17:06:16,968:INFO:nextcord.gateway: Shard ID None has sent the RESUME payload.
2026-01-13 17:06:17,029:INFO:nextcord.gateway: Shard ID None has successfully RESUMED session 8bf358f05d67bdead16faa679a3c7afd under trace ["gateway-prd-arm-us-east1-b-gkwf",{"micros":3493,"calls":["id_created",{"micros":0,"calls":[]},"session_lookup_time",{"micros":432,"calls":[]},"session_lookup_finished",{"micros":9,"calls":[]},"discord-sessions-prd-2-160",{"micros":22}]}].
2026-01-13 19:06:13,656:INFO:nextcord.gateway: Websocket closed with 1006, attempting a reconnect.
2026-01-13 19:06:13,657:INFO:nextcord.client: Got a request to RESUME the websocket.
2026-01-13 19:06:13,893:INFO:nextcord.gateway: Shard ID None has sent the RESUME payload.
2026-01-13 19:06:13,970:INFO:nextcord.gateway: Shard ID None has successfully RESUMED session 8bf358f05d67bdead16faa679a3c7afd under trace ["gateway-prd-arm-us-east1-b-12nl",{"micros":2005,"calls":["id_created",{"micros":0,"calls":[]},"session_lookup_time",{"micros":1266,"calls":[]},"session_lookup_finished",{"micros":11,"calls":[]},"discord-sessions-prd-2-160",{"micros":16}]}].
2026-01-13 19:10:24,123:INFO:nextcord.http: Allowed 1 rate limits to be garbage collected.
2026-01-13 19:29:25,710:INFO:nextcord.gateway: Websocket closed with 1006, attempting a reconnect.
2026-01-13 19:29:25,710:INFO:nextcord.client: Got a request to RESUME the websocket.
2026-01-13 19:29:26,005:INFO:nextcord.gateway: Shard ID None has sent the RESUME payload.
2026-01-13 19:29:26,069:INFO:nextcord.gateway: Shard ID None has successfully RESUMED session 8bf358f05d67bdead16faa679a3c7afd under trace ["gateway-prd-arm-us-east1-c-nvz6",{"micros":570,"calls":["id_created",{"micros":0,"calls":[]},"session_lookup_time",{"micros":265,"calls":[]},"session_lookup_finished",{"micros":9,"calls":[]},"discord-sessions-prd-2-160",{"micros":18}]}].
2026-01-13 19:30:24,161:INFO:nextcord.http: Allowed 1 rate limits to be garbage collected.
2026-01-13 20:43:24,879:INFO:nextcord.gateway: Websocket closed with 1006, attempting a reconnect.
2026-01-13 20:43:24,880:INFO:nextcord.client: Got a request to RESUME the websocket.
2026-01-13 20:43:25,109:INFO:nextcord.gateway: Shard ID None has sent the RESUME payload.
2026-01-13 20:43:25,201:INFO:nextcord.gateway: Shard ID None has successfully RESUMED session 8bf358f05d67bdead16faa679a3c7afd under trace ["gateway-prd-arm-us-east1-c-3lqn",{"micros":28284,"calls":["id_created",{"micros":0,"calls":[]},"session_lookup_time",{"micros":18266,"calls":[]},"session_lookup_finished",{"micros":11,"calls":[]},"discord-sessions-prd-2-160",{"micros":26}]}].
2026-01-13 20:45:24,300:INFO:nextcord.http: Allowed 1 rate limits to be garbage collected.
2026-01-13 22:33:59,205:INFO:nextcord.gateway: Websocket closed with 1006, attempting a reconnect.
2026-01-13 22:33:59,206:INFO:nextcord.client: Got a request to RESUME the websocket.
2026-01-13 22:33:59,423:INFO:nextcord.gateway: Shard ID None has sent the RESUME payload.
2026-01-13 22:33:59,490:INFO:nextcord.gateway: Shard ID None has successfully RESUMED session 8bf358f05d67bdead16faa679a3c7afd under trace ["gateway-prd-arm-us-east1-d-wpws",{"micros":536,"calls":["id_created",{"micros":0,"calls":[]},"session_lookup_time",{"micros":243,"calls":[]},"session_lookup_finished",{"micros":9,"calls":[]},"discord-sessions-prd-2-160",{"micros":15}]}].
2026-01-13 22:35:24,504:INFO:nextcord.http: Allowed 1 rate limits to be garbage collected.
2026-01-14 12:16:41,975:INFO:nextcord.gateway: Timed out receiving packet. Attempting a reconnect.
2026-01-14 12:16:41,976:INFO:nextcord.client: Got a request to RESUME the websocket.
2026-01-14 12:16:41,977:INFO:nextcord.http: Allowed 1 rate limits to be garbage collected.
2026-01-14 12:16:41,993:ERROR:nextcord.client: Attempting a reconnect in 0.35s
Traceback (most recent call last):
  File "C:\Users\jumas\AppData\Local\Packages\PythonSoftwareFoundation.Python.3.13_qbz5n2kfra8p0\LocalCache\local-packages\Python313\site-packages\aiohttp\connector.py", line 1351, in _create_direct_connection
    hosts = await self._resolve_host(host, port, traces=traces)
            ^^^^^^^^^^^^^^^^^^^^^^^^^^^^^^^^^^^^^^^^^^^^^^^^^^^
  File "C:\Users\jumas\AppData\Local\Packages\PythonSoftwareFoundation.Python.3.13_qbz5n2kfra8p0\LocalCache\local-packages\Python313\site-packages\aiohttp\connector.py", line 995, in _resolve_host
    return await asyncio.shield(resolved_host_task)
           ^^^^^^^^^^^^^^^^^^^^^^^^^^^^^^^^^^^^^^^^
  File "C:\Users\jumas\AppData\Local\Packages\PythonSoftwareFoundation.Python.3.13_qbz5n2kfra8p0\LocalCache\local-packages\Python313\site-packages\aiohttp\connector.py", line 1026, in _resolve_host_with_throttle
    addrs = await self._resolver.resolve(host, port, family=self._family)
            ^^^^^^^^^^^^^^^^^^^^^^^^^^^^^^^^^^^^^^^^^^^^^^^^^^^^^^^^^^^^^
  File "C:\Users\jumas\AppData\Local\Packages\PythonSoftwareFoundation.Python.3.13_qbz5n2kfra8p0\LocalCache\local-packages\Python313\site-packages\aiohttp\resolver.py", line 39, in resolve
    infos = await self._loop.getaddrinfo(
            ^^^^^^^^^^^^^^^^^^^^^^^^^^^^^
    ...<5 lines>...
    )
    ^
  File "C:\Program Files\WindowsApps\PythonSoftwareFoundation.Python.3.13_3.13.2544.0_x64__qbz5n2kfra8p0\Lib\asyncio\base_events.py", line 939, in getaddrinfo
    return await self.run_in_executor(
           ^^^^^^^^^^^^^^^^^^^^^^^^^^^
        None, getaddr_func, host, port, family, type, proto, flags)
        ^^^^^^^^^^^^^^^^^^^^^^^^^^^^^^^^^^^^^^^^^^^^^^^^^^^^^^^^^^^
  File "C:\Program Files\WindowsApps\PythonSoftwareFoundation.Python.3.13_3.13.2544.0_x64__qbz5n2kfra8p0\Lib\concurrent\futures\thread.py", line 59, in run
    result = self.fn(*self.args, **self.kwargs)
  File "C:\Program Files\WindowsApps\PythonSoftwareFoundation.Python.3.13_3.13.2544.0_x64__qbz5n2kfra8p0\Lib\socket.py", line 977, in getaddrinfo
    for res in _socket.getaddrinfo(host, port, family, type, proto, flags):
               ~~~~~~~~~~~~~~~~~~~^^^^^^^^^^^^^^^^^^^^^^^^^^^^^^^^^^^^^^^^
socket.gaierror: [Errno 11004] getaddrinfo failed

The above exception was the direct cause of the following exception:

Traceback (most recent call last):
  File "C:\Users\jumas\AppData\Local\Packages\PythonSoftwareFoundation.Python.3.13_qbz5n2kfra8p0\LocalCache\local-packages\Python313\site-packages\nextcord\client.py", line 730, in connect
    self.ws = await asyncio.wait_for(coro, timeout=60.0)
              ^^^^^^^^^^^^^^^^^^^^^^^^^^^^^^^^^^^^^^^^^^
  File "C:\Program Files\WindowsApps\PythonSoftwareFoundation.Python.3.13_3.13.2544.0_x64__qbz5n2kfra8p0\Lib\asyncio\tasks.py", line 507, in wait_for
    return await fut
           ^^^^^^^^^
  File "C:\Users\jumas\AppData\Local\Packages\PythonSoftwareFoundation.Python.3.13_qbz5n2kfra8p0\LocalCache\local-packages\Python313\site-packages\nextcord\gateway.py", line 336, in from_client
    gateway = await client.http.get_gateway()
              ^^^^^^^^^^^^^^^^^^^^^^^^^^^^^^^
  File "C:\Users\jumas\AppData\Local\Packages\PythonSoftwareFoundation.Python.3.13_qbz5n2kfra8p0\LocalCache\local-packages\Python313\site-packages\nextcord\http.py", line 4400, in get_gateway
    data = await self.request(
           ^^^^^^^^^^^^^^^^^^^
    ...<3 lines>...
    )
    ^
  File "C:\Users\jumas\AppData\Local\Packages\PythonSoftwareFoundation.Python.3.13_qbz5n2kfra8p0\LocalCache\local-packages\Python313\site-packages\nextcord\http.py", line 834, in request
    async with self.__session.request(
               ~~~~~~~~~~~~~~~~~~~~~~^
        method=route.method,
        ^^^^^^^^^^^^^^^^^^^^
    ...<4 lines>...
        **kwargs,
        ^^^^^^^^^
    ) as response:
    ^
  File "C:\Users\jumas\AppData\Local\Packages\PythonSoftwareFoundation.Python.3.13_qbz5n2kfra8p0\LocalCache\local-packages\Python313\site-packages\aiohttp\client.py", line 1425, in __aenter__
    self._resp: _RetType = await self._coro
                           ^^^^^^^^^^^^^^^^
  File "C:\Users\jumas\AppData\Local\Packages\PythonSoftwareFoundation.Python.3.13_qbz5n2kfra8p0\LocalCache\local-packages\Python313\site-packages\aiohttp\client.py", line 703, in _request
    conn = await self._connector.connect(
           ^^^^^^^^^^^^^^^^^^^^^^^^^^^^^^
        req, traces=traces, timeout=real_timeout
        ^^^^^^^^^^^^^^^^^^^^^^^^^^^^^^^^^^^^^^^^
    )
    ^
  File "C:\Users\jumas\AppData\Local\Packages\PythonSoftwareFoundation.Python.3.13_qbz5n2kfra8p0\LocalCache\local-packages\Python313\site-packages\aiohttp\connector.py", line 548, in connect
    proto = await self._create_connection(req, traces, timeout)
            ^^^^^^^^^^^^^^^^^^^^^^^^^^^^^^^^^^^^^^^^^^^^^^^^^^^
  File "C:\Users\jumas\AppData\Local\Packages\PythonSoftwareFoundation.Python.3.13_qbz5n2kfra8p0\LocalCache\local-packages\Python313\site-packages\aiohttp\connector.py", line 1056, in _create_connection
    _, proto = await self._create_direct_connection(req, traces, timeout)
               ^^^^^^^^^^^^^^^^^^^^^^^^^^^^^^^^^^^^^^^^^^^^^^^^^^^^^^^^^^
  File "C:\Users\jumas\AppData\Local\Packages\PythonSoftwareFoundation.Python.3.13_qbz5n2kfra8p0\LocalCache\local-packages\Python313\site-packages\aiohttp\connector.py", line 1357, in _create_direct_connection
    raise ClientConnectorDNSError(req.connection_key, exc) from exc
aiohttp.client_exceptions.ClientConnectorDNSError: Cannot connect to host discord.com:443 ssl:default [getaddrinfo failed]
2026-01-14 12:16:42,819:ERROR:nextcord.client: Attempting a reconnect in 1.37s
Traceback (most recent call last):
  File "C:\Users\jumas\AppData\Local\Packages\PythonSoftwareFoundation.Python.3.13_qbz5n2kfra8p0\LocalCache\local-packages\Python313\site-packages\aiohttp\connector.py", line 1351, in _create_direct_connection
    hosts = await self._resolve_host(host, port, traces=traces)
            ^^^^^^^^^^^^^^^^^^^^^^^^^^^^^^^^^^^^^^^^^^^^^^^^^^^
  File "C:\Users\jumas\AppData\Local\Packages\PythonSoftwareFoundation.Python.3.13_qbz5n2kfra8p0\LocalCache\local-packages\Python313\site-packages\aiohttp\connector.py", line 995, in _resolve_host
    return await asyncio.shield(resolved_host_task)
           ^^^^^^^^^^^^^^^^^^^^^^^^^^^^^^^^^^^^^^^^
  File "C:\Users\jumas\AppData\Local\Packages\PythonSoftwareFoundation.Python.3.13_qbz5n2kfra8p0\LocalCache\local-packages\Python313\site-packages\aiohttp\connector.py", line 1026, in _resolve_host_with_throttle
    addrs = await self._resolver.resolve(host, port, family=self._family)
            ^^^^^^^^^^^^^^^^^^^^^^^^^^^^^^^^^^^^^^^^^^^^^^^^^^^^^^^^^^^^^
  File "C:\Users\jumas\AppData\Local\Packages\PythonSoftwareFoundation.Python.3.13_qbz5n2kfra8p0\LocalCache\local-packages\Python313\site-packages\aiohttp\resolver.py", line 39, in resolve
    infos = await self._loop.getaddrinfo(
            ^^^^^^^^^^^^^^^^^^^^^^^^^^^^^
    ...<5 lines>...
    )
    ^
  File "C:\Program Files\WindowsApps\PythonSoftwareFoundation.Python.3.13_3.13.2544.0_x64__qbz5n2kfra8p0\Lib\asyncio\base_events.py", line 939, in getaddrinfo
    return await self.run_in_executor(
           ^^^^^^^^^^^^^^^^^^^^^^^^^^^
        None, getaddr_func, host, port, family, type, proto, flags)
        ^^^^^^^^^^^^^^^^^^^^^^^^^^^^^^^^^^^^^^^^^^^^^^^^^^^^^^^^^^^
  File "C:\Program Files\WindowsApps\PythonSoftwareFoundation.Python.3.13_3.13.2544.0_x64__qbz5n2kfra8p0\Lib\concurrent\futures\thread.py", line 59, in run
    result = self.fn(*self.args, **self.kwargs)
  File "C:\Program Files\WindowsApps\PythonSoftwareFoundation.Python.3.13_3.13.2544.0_x64__qbz5n2kfra8p0\Lib\socket.py", line 977, in getaddrinfo
    for res in _socket.getaddrinfo(host, port, family, type, proto, flags):
               ~~~~~~~~~~~~~~~~~~~^^^^^^^^^^^^^^^^^^^^^^^^^^^^^^^^^^^^^^^^
socket.gaierror: [Errno 11004] getaddrinfo failed

The above exception was the direct cause of the following exception:

Traceback (most recent call last):
  File "C:\Users\jumas\AppData\Local\Packages\PythonSoftwareFoundation.Python.3.13_qbz5n2kfra8p0\LocalCache\local-packages\Python313\site-packages\nextcord\client.py", line 730, in connect
    self.ws = await asyncio.wait_for(coro, timeout=60.0)
              ^^^^^^^^^^^^^^^^^^^^^^^^^^^^^^^^^^^^^^^^^^
  File "C:\Program Files\WindowsApps\PythonSoftwareFoundation.Python.3.13_3.13.2544.0_x64__qbz5n2kfra8p0\Lib\asyncio\tasks.py", line 507, in wait_for
    return await fut
           ^^^^^^^^^
  File "C:\Users\jumas\AppData\Local\Packages\PythonSoftwareFoundation.Python.3.13_qbz5n2kfra8p0\LocalCache\local-packages\Python313\site-packages\nextcord\gateway.py", line 336, in from_client
    gateway = await client.http.get_gateway()
              ^^^^^^^^^^^^^^^^^^^^^^^^^^^^^^^
  File "C:\Users\jumas\AppData\Local\Packages\PythonSoftwareFoundation.Python.3.13_qbz5n2kfra8p0\LocalCache\local-packages\Python313\site-packages\nextcord\http.py", line 4400, in get_gateway
    data = await self.request(
           ^^^^^^^^^^^^^^^^^^^
    ...<3 lines>...
    )
    ^
  File "C:\Users\jumas\AppData\Local\Packages\PythonSoftwareFoundation.Python.3.13_qbz5n2kfra8p0\LocalCache\local-packages\Python313\site-packages\nextcord\http.py", line 834, in request
    async with self.__session.request(
               ~~~~~~~~~~~~~~~~~~~~~~^
        method=route.method,
        ^^^^^^^^^^^^^^^^^^^^
    ...<4 lines>...
        **kwargs,
        ^^^^^^^^^
    ) as response:
    ^
  File "C:\Users\jumas\AppData\Local\Packages\PythonSoftwareFoundation.Python.3.13_qbz5n2kfra8p0\LocalCache\local-packages\Python313\site-packages\aiohttp\client.py", line 1425, in __aenter__
    self._resp: _RetType = await self._coro
                           ^^^^^^^^^^^^^^^^
  File "C:\Users\jumas\AppData\Local\Packages\PythonSoftwareFoundation.Python.3.13_qbz5n2kfra8p0\LocalCache\local-packages\Python313\site-packages\aiohttp\client.py", line 703, in _request
    conn = await self._connector.connect(
           ^^^^^^^^^^^^^^^^^^^^^^^^^^^^^^
        req, traces=traces, timeout=real_timeout
        ^^^^^^^^^^^^^^^^^^^^^^^^^^^^^^^^^^^^^^^^
    )
    ^
  File "C:\Users\jumas\AppData\Local\Packages\PythonSoftwareFoundation.Python.3.13_qbz5n2kfra8p0\LocalCache\local-packages\Python313\site-packages\aiohttp\connector.py", line 548, in connect
    proto = await self._create_connection(req, traces, timeout)
            ^^^^^^^^^^^^^^^^^^^^^^^^^^^^^^^^^^^^^^^^^^^^^^^^^^^
  File "C:\Users\jumas\AppData\Local\Packages\PythonSoftwareFoundation.Python.3.13_qbz5n2kfra8p0\LocalCache\local-packages\Python313\site-packages\aiohttp\connector.py", line 1056, in _create_connection
    _, proto = await self._create_direct_connection(req, traces, timeout)
               ^^^^^^^^^^^^^^^^^^^^^^^^^^^^^^^^^^^^^^^^^^^^^^^^^^^^^^^^^^
  File "C:\Users\jumas\AppData\Local\Packages\PythonSoftwareFoundation.Python.3.13_qbz5n2kfra8p0\LocalCache\local-packages\Python313\site-packages\aiohttp\connector.py", line 1357, in _create_direct_connection
    raise ClientConnectorDNSError(req.connection_key, exc) from exc
aiohttp.client_exceptions.ClientConnectorDNSError: Cannot connect to host discord.com:443 ssl:default [getaddrinfo failed]
2026-01-14 12:16:45,487:INFO:nextcord.gateway: Shard ID None has sent the RESUME payload.
2026-01-14 12:16:45,557:INFO:nextcord.gateway: Shard ID None session has been invalidated.
2026-01-14 12:16:45,614:INFO:nextcord.client: Got a request to IDENTIFY the websocket.
2026-01-14 12:16:50,813:INFO:nextcord.gateway: Shard ID None has sent the IDENTIFY payload.
2026-01-14 12:16:51,105:INFO:nextcord.gateway: Shard ID None has connected to Gateway: ["gateway-prd-arm-us-east1-c-gb5z",{"micros":225320,"calls":["id_created",{"micros":556,"calls":[]},"session_lookup_time",{"micros":2511,"calls":[]},"session_lookup_finished",{"micros":10,"calls":[]},"discord-sessions-prd-2-11",{"micros":221992,"calls":["start_session",{"micros":215927,"calls":["discord-api-rpc-8544975985-5mhws",{"micros":92118,"calls":["get_user",{"micros":7466},"get_guilds",{"micros":16663},"send_scheduled_deletion_message",{"micros":20},"guild_join_requests",{"micros":4},"authorized_ip_coro",{"micros":17},"pending_payments",{"micros":637},"apex_experiments",{"micros":110752},"user_activities",{"micros":6},"played_application_ids",{"micros":3},"linked_users",{"micros":4},"ad_personalization_toggles_disabled",{"micros":3},"regional_feature_config",{"micros":3}]}]},"starting_guild_connect",{"micros":30,"calls":[]},"presence_started",{"micros":405,"calls":[]},"guilds_started",{"micros":105,"calls":[]},"lobbies_started",{"micros":1,"calls":[]},"guilds_connect",{"micros":1,"calls":[]},"presence_connect",{"micros":5462,"calls":[]},"connect_finished",{"micros":5511,"calls":[]},"build_ready",{"micros":11,"calls":[]},"clean_ready",{"micros":0,"calls":[]},"optimize_ready",{"micros":0,"calls":[]},"split_ready",{"micros":1,"calls":[]}]}]}] (Session ID: 13a1cf9ccdd5ae49354bb921ceb1e3f8). Resume URL specified as wss://gateway-us-east1-c.discord.gg
2026-01-14 12:16:56,904:ERROR:root: Failed bot startup sequence: 
Traceback (most recent call last):
  File "C:\Users\jumas\Downloads\tier-test-bot-main\tier-test-bot-main\main.py", line 64, in on_ready
    updateQueue.start()
    ~~~~~~~~~~~~~~~~~^^
  File "C:\Users\jumas\AppData\Local\Packages\PythonSoftwareFoundation.Python.3.13_qbz5n2kfra8p0\LocalCache\local-packages\Python313\site-packages\nextcord\ext\tasks\__init__.py", line 307, in start
    raise RuntimeError("Task is already launched and is not completed.")
RuntimeError: Task is already launched and is not completed.
2026-01-14 12:16:56,915:INFO:nextcord.gateway: Websocket closed with 1000, cannot reconnect.
2026-01-14 12:16:57,072:INFO:nextcord.client: Cleaning up after 9 tasks.
2026-01-14 12:16:57,073:INFO:nextcord.client: All tasks finished cancelling.
2026-01-14 12:16:57,073:INFO:nextcord.client: Closing the event loop.
2026-01-14 12:16:57,107:ERROR:asyncio: Task exception was never retrieved
future: <Task finished name='nextcord: on_ready' coro=<Client._run_event() done, defined at C:\Users\jumas\AppData\Local\Packages\PythonSoftwareFoundation.Python.3.13_qbz5n2kfra8p0\LocalCache\local-packages\Python313\site-packages\nextcord\client.py:519> exception=SystemExit('Failed startup sequence')>
Traceback (most recent call last):
  File "C:\Users\jumas\Downloads\tier-test-bot-main\tier-test-bot-main\main.py", line 64, in on_ready
    updateQueue.start()
  File "C:\Users\jumas\AppData\Local\Packages\PythonSoftwareFoundation.Python.3.13_qbz5n2kfra8p0\LocalCache\local-packages\Python313\site-packages\nextcord\ext\tasks\__init__.py", line 307, in start
    raise RuntimeError("Task is already launched and is not completed.")
RuntimeError: Task is already launched and is not completed.

During handling of the above exception, another exception occurred:

Traceback (most recent call last):
  File "C:\Users\jumas\Downloads\tier-test-bot-main\tier-test-bot-main\main.py", line 442, in <module>
    bot.run(os.getenv("TOKEN"))
  File "C:\Users\jumas\AppData\Local\Packages\PythonSoftwareFoundation.Python.3.13_qbz5n2kfra8p0\LocalCache\local-packages\Python313\site-packages\nextcord\client.py", line 894, in run
    loop.run_until_complete(self.start(token, reconnect=reconnect))
  File "C:\Program Files\WindowsApps\PythonSoftwareFoundation.Python.3.13_3.13.2544.0_x64__qbz5n2kfra8p0\Lib\asyncio\base_events.py", line 712, in run_until_complete
    self.run_forever()
  File "C:\Program Files\WindowsApps\PythonSoftwareFoundation.Python.3.13_3.13.2544.0_x64__qbz5n2kfra8p0\Lib\asyncio\base_events.py", line 683, in run_forever
    self._run_once()
  File "C:\Program Files\WindowsApps\PythonSoftwareFoundation.Python.3.13_3.13.2544.0_x64__qbz5n2kfra8p0\Lib\asyncio\base_events.py", line 2050, in _run_once
    handle._run()
  File "C:\Program Files\WindowsApps\PythonSoftwareFoundation.Python.3.13_3.13.2544.0_x64__qbz5n2kfra8p0\Lib\asyncio\events.py", line 89, in _run
  File "C:\Users\jumas\AppData\Local\Packages\PythonSoftwareFoundation.Python.3.13_qbz5n2kfra8p0\LocalCache\local-packages\Python313\site-packages\nextcord\client.py", line 527, in _run_event
    await coro(*args, **kwargs)
  File "C:\Users\jumas\Downloads\tier-test-bot-main\tier-test-bot-main\main.py", line 67, in on_ready
    sys.exit("Failed startup sequence")
SystemExit: Failed startup sequence
